<?xml version="1.0" encoding="UTF-8"?>
<!-- Generated by org.testng.reporters.JUnitReportReporter -->
<testsuite skipped="0" hostname="D-441001238" name="test.Testing" tests="1" failures="0" timestamp="15 Feb 2018 11:16:25 GMT" time="31.376" errors="0">
  <testcase name="LoginTest" time="31.376" classname="test.Testing"/>
</testsuite> <!-- test.Testing -->
