<?xml version="1.0" encoding="UTF-8"?>
<!-- Generated by org.testng.reporters.JUnitReportReporter -->
<testsuite skipped="0" hostname="D-441001238" name="testCase.LoginTest" tests="1" failures="0" timestamp="13 Mar 2018 06:14:00 GMT" time="48.502" errors="0">
  <testcase name="TestLogin" time="48.502" classname="testCase.LoginTest"/>
</testsuite> <!-- testCase.LoginTest -->
